[debug] [2017-07-21T00:26:45.012Z] ----------------------------------------------------------------------
[debug] [2017-07-21T00:26:45.015Z] Command:      C:\Program Files\nodejs\node.exe C:\Users\ellanca\AppData\Roaming\npm\node_modules\firebase-tools\bin\firebase serve
[debug] [2017-07-21T00:26:45.015Z] CLI Version:  3.9.1
[debug] [2017-07-21T00:26:45.015Z] Platform:     win32
[debug] [2017-07-21T00:26:45.015Z] Node Version: v8.1.2
[debug] [2017-07-21T00:26:45.016Z] Time:         Thu Jul 20 2017 19:26:45 GMT-0500 (SA Pacific Standard Time)
[debug] [2017-07-21T00:26:45.016Z] ----------------------------------------------------------------------
[debug] 
[debug] [2017-07-21T00:26:45.030Z] > command requires scopes: ["email","openid","https://www.googleapis.com/auth/cloudplatformprojects.readonly","https://www.googleapis.com/auth/firebase","https://www.googleapis.com/auth/cloud-platform"]
[debug] [2017-07-21T00:26:45.031Z] > authorizing via signed-in user
[debug] [2017-07-21T00:26:45.033Z] >>> HTTP REQUEST GET https://admin.firebase.com/v1/projects/dmenteslab  
 Thu Jul 20 2017 19:26:45 GMT-0500 (SA Pacific Standard Time)
[debug] [2017-07-21T00:26:46.328Z] <<< HTTP RESPONSE 200
[debug] [2017-07-21T00:26:46.330Z] >>> HTTP REQUEST GET https://admin.firebase.com/v1/database/dmenteslab/tokens  
 Thu Jul 20 2017 19:26:46 GMT-0500 (SA Pacific Standard Time)
[debug] [2017-07-21T00:26:46.896Z] <<< HTTP RESPONSE 200
[info] 
[info] === Serving from 'C:\Users\ellanca\Documents\3dmenteslab\3dmenteslab\threeDmentesApp'...
[info] 
[debug] [2017-07-21T00:26:46.909Z] >>> HTTP REQUEST GET https://cloudresourcemanager.googleapis.com/v1/projects/dmenteslab  
 Thu Jul 20 2017 19:26:46 GMT-0500 (SA Pacific Standard Time)
[debug] [2017-07-21T00:26:47.531Z] <<< HTTP RESPONSE 200
[debug] [2017-07-21T00:26:47.532Z] >>> HTTP REQUEST GET https://mobilesdk-pa.googleapis.com/v1/projects/823755930391/clients/_:getWebAppConfig  
 Thu Jul 20 2017 19:26:47 GMT-0500 (SA Pacific Standard Time)
[debug] [2017-07-21T00:26:48.476Z] <<< HTTP RESPONSE 200
[debug] [2017-07-21T00:26:48.515Z] TypeError: Cannot read property 'public' of undefined
[error] 
[error] Error: An unexpected error has occurred.
